<?xml version="1.0" encoding="utf-8"?><testsuites name="pytest tests"><testsuite name="pytest" errors="0" failures="3" skipped="0" tests="21" time="9.527" timestamp="2026-02-16T18:45:22.373862+00:00" hostname="agent-env-9012d8fc-70af-4d3a-a13e-04a2d2084976"><testcase classname="tests.test_new_user_system.TestUserRegistration" name="test_register_child_user" time="0.401" /><testcase classname="tests.test_new_user_system.TestUserRegistration" name="test_register_adult_user" time="0.267" /><testcase classname="tests.test_new_user_system.TestUserRegistration" name="test_register_without_email" time="0.171"><failure message="assert 400 == 200&#10; +  where 400 = &lt;Response [400]&gt;.status_code">tests/test_new_user_system.py:83: in test_register_without_email
    assert response.status_code == 200
E   assert 400 == 200
E    +  where 400 = &lt;Response [400]&gt;.status_code</failure></testcase><testcase classname="tests.test_new_user_system.TestUserRegistration" name="test_register_duplicate_username_fails" time="0.384" /><testcase classname="tests.test_new_user_system.TestUserRegistration" name="test_register_invalid_username_format" time="0.323" /><testcase classname="tests.test_new_user_system.TestUserLogin" name="test_login_success" time="0.339" /><testcase classname="tests.test_new_user_system.TestUserLogin" name="test_login_wrong_password_fails" time="0.350" /><testcase classname="tests.test_new_user_system.TestUserLogin" name="test_login_nonexistent_user_fails" time="0.154" /><testcase classname="tests.test_new_user_system.TestUsernameCheck" name="test_check_available_username" time="0.185" /><testcase classname="tests.test_new_user_system.TestUsernameCheck" name="test_check_taken_username" time="0.331" /><testcase classname="tests.test_new_user_system.TestGroups" name="test_create_group" time="0.410" /><testcase classname="tests.test_new_user_system.TestGroups" name="test_create_friends_group" time="0.153"><failure message="KeyError: 'id'">tests/test_new_user_system.py:268: in test_create_friends_group
    user_id = reg_response.json()["id"]
              ^^^^^^^^^^^^^^^^^^^^^^^^^
E   KeyError: 'id'</failure></testcase><testcase classname="tests.test_new_user_system.TestGroups" name="test_get_user_groups" time="0.618" /><testcase classname="tests.test_new_user_system.TestJoinGroupByQR" name="test_join_group_by_qr_code" time="1.145" /><testcase classname="tests.test_new_user_system.TestJoinGroupByQR" name="test_join_group_invalid_qr_code_fails" time="0.360" /><testcase classname="tests.test_new_user_system.TestJoinGroupByQR" name="test_join_group_already_member_fails" time="0.439" /><testcase classname="tests.test_new_user_system.TestChildRestrictions" name="test_child_cannot_send_username_invite" time="1.291" /><testcase classname="tests.test_new_user_system.TestGroupInvites" name="test_adult_can_send_invite_to_adult" time="0.982" /><testcase classname="tests.test_new_user_system.TestGroupInvites" name="test_adult_cannot_invite_child_by_username" time="0.677" /><testcase classname="tests.test_new_user_system.TestGetUser" name="test_get_user_by_id" time="0.164"><failure message="KeyError: 'id'">tests/test_new_user_system.py:523: in test_get_user_by_id
    user_id = reg_response.json()["id"]
              ^^^^^^^^^^^^^^^^^^^^^^^^^
E   KeyError: 'id'</failure></testcase><testcase classname="tests.test_new_user_system.TestGetUser" name="test_get_nonexistent_user_fails" time="0.203" /></testsuite></testsuites>