<?xml version="1.0" encoding="utf-8"?><testsuites name="pytest tests"><testsuite name="pytest" errors="0" failures="0" skipped="0" tests="16" time="2.832" timestamp="2026-02-14T05:27:20.969925+00:00" hostname="agent-env-6077d972-4aea-45d6-910d-570800dcb252"><testcase classname="backend.tests.test_referral_certificates.TestReferralProgram" name="test_api_health" time="0.214" /><testcase classname="backend.tests.test_referral_certificates.TestReferralProgram" name="test_register_family_a_get_referral_code" time="0.161" /><testcase classname="backend.tests.test_referral_certificates.TestReferralProgram" name="test_validate_referral_code_valid" time="0.122" /><testcase classname="backend.tests.test_referral_certificates.TestReferralProgram" name="test_validate_referral_code_invalid" time="0.170" /><testcase classname="backend.tests.test_referral_certificates.TestReferralProgram" name="test_register_with_referral_code_grants_premium" time="0.175" /><testcase classname="backend.tests.test_referral_certificates.TestReferralProgram" name="test_referrer_gets_premium_after_referral" time="0.121" /><testcase classname="backend.tests.test_referral_certificates.TestReferralProgram" name="test_referral_stats_endpoint" time="0.128" /><testcase classname="backend.tests.test_referral_certificates.TestReferralProgram" name="test_referral_stats_nonexistent_family" time="0.105" /><testcase classname="backend.tests.test_referral_certificates.TestCertificates" name="test_create_kid_for_certificates" time="0.424" /><testcase classname="backend.tests.test_referral_certificates.TestCertificates" name="test_get_certificates_empty" time="0.132" /><testcase classname="backend.tests.test_referral_certificates.TestCertificates" name="test_get_certificates_nonexistent_kid" time="0.111" /><testcase classname="backend.tests.test_referral_certificates.TestCertificates" name="test_add_points_to_earn_certificate" time="0.153" /><testcase classname="backend.tests.test_referral_certificates.TestCertificates" name="test_get_certificates_after_milestone" time="0.136" /><testcase classname="backend.tests.test_referral_certificates.TestCertificates" name="test_certificate_pdf_generation" time="0.131" /><testcase classname="backend.tests.test_referral_certificates.TestCertificates" name="test_certificate_pdf_nonexistent" time="0.104" /><testcase classname="backend.tests.test_referral_certificates.TestReferralCodeInLogin" name="test_login_returns_referral_code" time="0.224" /></testsuite></testsuites>