<?xml version="1.0" encoding="utf-8"?><testsuites name="pytest tests"><testsuite name="pytest" errors="0" failures="0" skipped="0" tests="21" time="1.267" timestamp="2026-02-11T14:34:46.025461+00:00" hostname="agent-env-9eda1ed6-b92e-432d-b7e8-6278e5bb7832"><testcase classname="backend.tests.test_curriculum_pwa.TestPWAFeatures" name="test_manifest_json_accessible" time="0.122" /><testcase classname="backend.tests.test_curriculum_pwa.TestPWAFeatures" name="test_service_worker_accessible" time="0.040" /><testcase classname="backend.tests.test_curriculum_pwa.TestCurriculumRegistration" name="test_register_with_caps_curriculum" time="0.047" /><testcase classname="backend.tests.test_curriculum_pwa.TestCurriculumRegistration" name="test_register_with_common_core_curriculum" time="0.038" /><testcase classname="backend.tests.test_curriculum_pwa.TestCurriculumRegistration" name="test_register_with_uk_national_curriculum" time="0.043" /><testcase classname="backend.tests.test_curriculum_pwa.TestCurriculumRegistration" name="test_register_with_cbse_curriculum" time="0.083" /><testcase classname="backend.tests.test_curriculum_pwa.TestCurriculumRegistration" name="test_register_with_ib_curriculum" time="0.081" /><testcase classname="backend.tests.test_curriculum_pwa.TestCurriculumRegistration" name="test_register_default_curriculum" time="0.041" /><testcase classname="backend.tests.test_curriculum_pwa.TestCurriculumLogin" name="test_login_returns_curriculum" time="0.080" /><testcase classname="backend.tests.test_curriculum_pwa.TestCurriculumLogin" name="test_get_family_returns_curriculum" time="0.123" /><testcase classname="backend.tests.test_curriculum_pwa.TestAllCurriculums" name="test_register_with_curriculum[caps-South Africa]" time="0.041" /><testcase classname="backend.tests.test_curriculum_pwa.TestAllCurriculums" name="test_register_with_curriculum[common_core-United States]" time="0.042" /><testcase classname="backend.tests.test_curriculum_pwa.TestAllCurriculums" name="test_register_with_curriculum[uk_national-United Kingdom]" time="0.040" /><testcase classname="backend.tests.test_curriculum_pwa.TestAllCurriculums" name="test_register_with_curriculum[australian-Australia]" time="0.037" /><testcase classname="backend.tests.test_curriculum_pwa.TestAllCurriculums" name="test_register_with_curriculum[cbse-India]" time="0.046" /><testcase classname="backend.tests.test_curriculum_pwa.TestAllCurriculums" name="test_register_with_curriculum[cambridge-International]" time="0.039" /><testcase classname="backend.tests.test_curriculum_pwa.TestAllCurriculums" name="test_register_with_curriculum[ib-International]" time="0.040" /><testcase classname="backend.tests.test_curriculum_pwa.TestAllCurriculums" name="test_register_with_curriculum[canadian-Canada]" time="0.036" /><testcase classname="backend.tests.test_curriculum_pwa.TestAllCurriculums" name="test_register_with_curriculum[german-Germany]" time="0.043" /><testcase classname="backend.tests.test_curriculum_pwa.TestAllCurriculums" name="test_register_with_curriculum[french-France]" time="0.043" /><testcase classname="backend.tests.test_curriculum_pwa.TestAllCurriculums" name="test_register_with_curriculum[other-Worldwide]" time="0.042" /></testsuite></testsuites>