<?xml version="1.0" encoding="utf-8"?><testsuites name="pytest tests"><testsuite name="pytest" errors="0" failures="0" skipped="0" tests="10" time="3.203" timestamp="2026-02-15T14:56:11.478095+00:00" hostname="agent-env-6077d972-4aea-45d6-910d-570800dcb252"><testcase classname="backend.tests.test_daily_rewards_mastery.TestAPIHealth" name="test_api_health" time="0.204" /><testcase classname="backend.tests.test_daily_rewards_mastery.TestLogin" name="test_login_success" time="0.111" /><testcase classname="backend.tests.test_daily_rewards_mastery.TestDailyRewards" name="test_get_daily_rewards_status" time="0.858" /><testcase classname="backend.tests.test_daily_rewards_mastery.TestDailyRewards" name="test_get_daily_rewards_404_for_invalid_kid" time="0.140" /><testcase classname="backend.tests.test_daily_rewards_mastery.TestDailyRewards" name="test_claim_daily_reward" time="0.705" /><testcase classname="backend.tests.test_daily_rewards_mastery.TestDailyRewards" name="test_claim_daily_reward_404_for_invalid_kid" time="0.139" /><testcase classname="backend.tests.test_daily_rewards_mastery.TestSubjectMastery" name="test_get_subject_mastery" time="0.368" /><testcase classname="backend.tests.test_daily_rewards_mastery.TestSubjectMastery" name="test_get_subject_mastery_404_for_invalid_kid" time="0.116" /><testcase classname="backend.tests.test_daily_rewards_mastery.TestSettingsAppearance" name="test_profile_endpoint_exists" time="0.239" /><testcase classname="backend.tests.test_daily_rewards_mastery.TestSettingsAppearance" name="test_password_change_endpoint_exists" time="0.207" /></testsuite></testsuites>