<?xml version="1.0" encoding="utf-8"?><testsuites name="pytest tests"><testsuite name="pytest" errors="0" failures="0" skipped="0" tests="13" time="1.515" timestamp="2026-02-11T14:14:18.249198+00:00" hostname="agent-env-9eda1ed6-b92e-432d-b7e8-6278e5bb7832"><testcase classname="backend.tests.test_auth_payment.TestHealthCheck" name="test_api_health" time="0.061" /><testcase classname="backend.tests.test_auth_payment.TestUserRegistration" name="test_register_new_user" time="0.045" /><testcase classname="backend.tests.test_auth_payment.TestUserRegistration" name="test_register_duplicate_email" time="0.044" /><testcase classname="backend.tests.test_auth_payment.TestUserLogin" name="test_login_success" time="0.046" /><testcase classname="backend.tests.test_auth_payment.TestUserLogin" name="test_login_wrong_password" time="0.041" /><testcase classname="backend.tests.test_auth_payment.TestUserLogin" name="test_login_nonexistent_email" time="0.042" /><testcase classname="backend.tests.test_auth_payment.TestFamilyInfo" name="test_get_family_info" time="0.123" /><testcase classname="backend.tests.test_auth_payment.TestFamilyInfo" name="test_get_nonexistent_family" time="0.080" /><testcase classname="backend.tests.test_auth_payment.TestSubscriptionStatus" name="test_get_subscription_status" time="0.083" /><testcase classname="backend.tests.test_auth_payment.TestStripeCheckout" name="test_create_checkout_session" time="0.462" /><testcase classname="backend.tests.test_auth_payment.TestStripeCheckout" name="test_checkout_nonexistent_family" time="0.038" /><testcase classname="backend.tests.test_auth_payment.TestPaymentVerification" name="test_check_payment_status_invalid_session" time="0.346" /><testcase classname="backend.tests.test_auth_payment.TestCleanup" name="test_cleanup_test_family" time="0.000" /></testsuite></testsuites>