<?xml version="1.0" encoding="utf-8"?><testsuites name="pytest tests"><testsuite name="pytest" errors="0" failures="0" skipped="0" tests="13" time="3.770" timestamp="2026-02-14T18:03:16.571335+00:00" hostname="agent-env-6077d972-4aea-45d6-910d-570800dcb252"><testcase classname="backend.tests.test_avatar_settings.TestAPIHealth" name="test_api_health" time="0.173" /><testcase classname="backend.tests.test_avatar_settings.TestLoginAndFetchFamily" name="test_login_returns_avatar_fields" time="0.117" /><testcase classname="backend.tests.test_avatar_settings.TestRegistrationWithAvatar" name="test_register_with_avatar" time="0.159" /><testcase classname="backend.tests.test_avatar_settings.TestRegistrationWithAvatar" name="test_register_with_email_notifications" time="0.260" /><testcase classname="backend.tests.test_avatar_settings.TestProfileUpdate" name="test_update_family_name" time="0.371" /><testcase classname="backend.tests.test_avatar_settings.TestProfileUpdate" name="test_update_avatar" time="0.311" /><testcase classname="backend.tests.test_avatar_settings.TestProfileUpdate" name="test_update_email_notifications" time="0.381" /><testcase classname="backend.tests.test_avatar_settings.TestProfileUpdate" name="test_update_profile_not_found" time="0.359" /><testcase classname="backend.tests.test_avatar_settings.TestPasswordChange" name="test_change_password_success" time="0.615" /><testcase classname="backend.tests.test_avatar_settings.TestPasswordChange" name="test_change_password_wrong_current" time="0.305" /><testcase classname="backend.tests.test_avatar_settings.TestPasswordChange" name="test_change_password_too_short" time="0.306" /><testcase classname="backend.tests.test_avatar_settings.TestPasswordChange" name="test_change_password_family_not_found" time="0.241" /><testcase classname="backend.tests.test_avatar_settings.TestLoginWithExistingAccount" name="test_login_with_test_account" time="0.112" /></testsuite></testsuites>